[debug] [2023-03-31T05:34:28.944Z] ----------------------------------------------------------------------
[debug] [2023-03-31T05:34:28.946Z] Command:       C:\Program Files\nodejs\node.exe C:\Users\ander\AppData\Roaming\npm\node_modules\firebase-tools\lib\bin\firebase.js init
[debug] [2023-03-31T05:34:28.947Z] CLI Version:   11.25.2
[debug] [2023-03-31T05:34:28.947Z] Platform:      win32
[debug] [2023-03-31T05:34:28.947Z] Node Version:  v16.16.0
[debug] [2023-03-31T05:34:28.948Z] Time:          Fri Mar 31 2023 02:34:28 GMT-0300 (Horário Padrão de Brasília)
[debug] [2023-03-31T05:34:28.949Z] ----------------------------------------------------------------------
[debug] 
[debug] [2023-03-31T05:34:28.958Z] > command requires scopes: ["email","openid","https://www.googleapis.com/auth/cloudplatformprojects.readonly","https://www.googleapis.com/auth/firebase","https://www.googleapis.com/auth/cloud-platform"]
[debug] [2023-03-31T05:34:28.959Z] > authorizing via signed-in user (andersontito15@gmail.com)
[info] 
     ######## #### ########  ######## ########     ###     ######  ########
     ##        ##  ##     ## ##       ##     ##  ##   ##  ##       ##
     ######    ##  ########  ######   ########  #########  ######  ######
     ##        ##  ##    ##  ##       ##     ## ##     ##       ## ##
     ##       #### ##     ## ######## ########  ##     ##  ######  ########

You're about to initialize a Firebase project in this directory:

  C:\Users\ander\Documents\Projetos\TodoApp\front-end

[info] 
=== Project Setup
[info] 
[info] First, let's associate this project directory with a Firebase project.
[info] You can create multiple project aliases by running firebase use --add, 
[info] but for now we'll just set up a default project.
[info] 
[debug] [2023-03-31T05:34:47.492Z] >>> [apiv2][query] GET https://firebase.googleapis.com/v1beta1/projects pageSize=100
[debug] [2023-03-31T05:34:48.269Z] <<< [apiv2][status] GET https://firebase.googleapis.com/v1beta1/projects 200
[debug] [2023-03-31T05:34:48.269Z] <<< [apiv2][body] GET https://firebase.googleapis.com/v1beta1/projects [omitted]
[info] i  Using project todoappweb-f4d03 (todoAppWeb) 
[info] 
=== Hosting Setup
[info] 
[info] Your public directory is the folder (relative to your project directory) that
[info] will contain Hosting assets to be uploaded with firebase deploy. If you
[info] have a build process for your assets, use your build's output directory.
[info] 
[debug] [2023-03-31T05:35:04.493Z] >>> [apiv2][query] GET https://www.gstatic.com/firebasejs/releases.json [none]
[debug] [2023-03-31T05:35:04.680Z] <<< [apiv2][status] GET https://www.gstatic.com/firebasejs/releases.json 200
[debug] [2023-03-31T05:35:04.681Z] <<< [apiv2][body] GET https://www.gstatic.com/firebasejs/releases.json {"current":{"version":"9.19.0","browserURL":"https://www.gstatic.com/firebasejs/9.19.0/firebase.js","packageURL":"https://www.gstatic.com/firebasejs/9.19.0/firebase.tgz"},"live":{"version":"9.19","browserURL":"https://www.gstatic.com/firebasejs/live/9.19/firebase.js","packageURL":"https://www.gstatic.com/firebasejs/live/9.19/firebase.tgz"},"components":{"analytics":"https://www.gstatic.com/firebasejs/9.19.0/firebase-analytics.js","app":"https://www.gstatic.com/firebasejs/9.19.0/firebase-app.js","app-check":"https://www.gstatic.com/firebasejs/9.19.0/firebase-app-check.js","auth":"https://www.gstatic.com/firebasejs/9.19.0/firebase-auth.js","auth/cordova":"https://www.gstatic.com/firebasejs/9.19.0/firebase-auth/cordova.js","auth/react-native":"https://www.gstatic.com/firebasejs/9.19.0/firebase-auth/react-native.js","functions":"https://www.gstatic.com/firebasejs/9.19.0/firebase-functions.js","firestore":"https://www.gstatic.com/firebasejs/9.19.0/firebase-firestore.js","firestore/lite":"https://www.gstatic.com/firebasejs/9.19.0/firebase-firestore/lite.js","installations":"https://www.gstatic.com/firebasejs/9.19.0/firebase-installations.js","storage":"https://www.gstatic.com/firebasejs/9.19.0/firebase-storage.js","performance":"https://www.gstatic.com/firebasejs/9.19.0/firebase-performance.js","remote-config":"https://www.gstatic.com/firebasejs/9.19.0/firebase-remote-config.js","messaging":"https://www.gstatic.com/firebasejs/9.19.0/firebase-messaging.js","messaging/sw":"https://www.gstatic.com/firebasejs/9.19.0/firebase-messaging/sw.js","database":"https://www.gstatic.com/firebasejs/9.19.0/firebase-database.js","firestore.memory":"https://www.gstatic.com/firebasejs/9.19.0/firebase-firestore.memory.js"}}
[info] +  Wrote y/index.html 
[info] 
[info] i  Detected a .git folder at C:\Users\ander\Documents\Projetos\TodoApp\front-end 
[info] i  Authorizing with GitHub to upload your service account to a GitHub repository's secrets store. 
[info] 
[info] Visit this URL on this device to log in:
[info] https://github.com/login/oauth/authorize?client_id=89cf50f02ac6aaed3484&state=252461130&redirect_uri=http%3A%2F%2Flocalhost%3A9005&scope=read%3Auser%20repo%20public_repo
[info] 
[info] Waiting for authentication...
[debug] [2023-03-31T05:35:30.500Z] >>> [apiv2][query] POST https://github.com/login/oauth/access_token [none]
[debug] [2023-03-31T05:35:30.500Z] >>> [apiv2][body] POST https://github.com/login/oauth/access_token [stream]
[debug] [2023-03-31T05:35:30.877Z] <<< [apiv2][status] POST https://github.com/login/oauth/access_token 200
[debug] [2023-03-31T05:35:30.877Z] <<< [apiv2][body] POST https://github.com/login/oauth/access_token {"access_token":"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","token_type":"bearer","scope":"read:user,repo"}
[debug] [2023-03-31T05:35:30.896Z] >>> [apiv2][query] GET https://api.github.com/user [none]
[debug] [2023-03-31T05:35:31.272Z] <<< [apiv2][status] GET https://api.github.com/user 200
[debug] [2023-03-31T05:35:31.272Z] <<< [apiv2][body] GET https://api.github.com/user {"login":"anderson-andr","id":55621198,"node_id":"MDQ6VXNlcjU1NjIxMTk4","avatar_url":"https://avatars.githubusercontent.com/u/55621198?v=4","gravatar_id":"","url":"https://api.github.com/users/anderson-andr","html_url":"https://github.com/anderson-andr","followers_url":"https://api.github.com/users/anderson-andr/followers","following_url":"https://api.github.com/users/anderson-andr/following{/other_user}","gists_url":"https://api.github.com/users/anderson-andr/gists{/gist_id}","starred_url":"https://api.github.com/users/anderson-andr/starred{/owner}{/repo}","subscriptions_url":"https://api.github.com/users/anderson-andr/subscriptions","organizations_url":"https://api.github.com/users/anderson-andr/orgs","repos_url":"https://api.github.com/users/anderson-andr/repos","events_url":"https://api.github.com/users/anderson-andr/events{/privacy}","received_events_url":"https://api.github.com/users/anderson-andr/received_events","type":"User","site_admin":false,"name":null,"company":null,"blog":"","location":null,"email":null,"hireable":null,"bio":null,"twitter_username":null,"public_repos":11,"public_gists":0,"followers":0,"following":0,"created_at":"2019-09-21T10:03:53Z","updated_at":"2023-03-02T21:56:38Z","private_gists":0,"total_private_repos":7,"owned_private_repos":7,"disk_usage":275482,"collaborators":1,"two_factor_authentication":false,"plan":{"name":"free","space":976562499,"collaborators":0,"private_repos":10000}}
[info] 
[info] +  Success! Logged into GitHub as anderson-andr 
[info] 
[debug] [2023-03-31T05:35:37.221Z] >>> [apiv2][query] GET https://api.github.com/repos/y/actions/secrets/public-key type=owner
[debug] [2023-03-31T05:35:37.540Z] <<< [apiv2][status] GET https://api.github.com/repos/y/actions/secrets/public-key 404
[debug] [2023-03-31T05:35:37.541Z] <<< [apiv2][body] GET https://api.github.com/repos/y/actions/secrets/public-key {"message":"Not Found","documentation_url":"https://docs.github.com/rest"}
